

Version:	3.8
CmdLine:	C:\Desarrollo\KenworthPronostico\src\kenworthSimulator\KWPronostico.exe --l4j-debug
WOW64:		yes
Working dir:	C:\Desarrollo\KenworthPronostico\src\kenworthSimulator\.
64-bit search:	SOFTWARE\JavaSoft\Java Runtime Environment...
Check:		SOFTWARE\JavaSoft\Java Runtime Environment\1.8
Ignore:		1.8
Check:		SOFTWARE\JavaSoft\Java Runtime Environment\1.8.0_181
Check launcher:	C:\Program Files\Java\jre1.8.0_181\bin\javaw.exe (OK)
Match:		1.8.0_181
64-bit search:	SOFTWARE\JavaSoft\Java Development Kit...
Check:		SOFTWARE\JavaSoft\Java Development Kit\1.8
Ignore:		1.8
Check:		SOFTWARE\JavaSoft\Java Development Kit\1.8.0_141
Ignore:		1.8.0_141
Runtime used:	1.8.0_181 (64-bit)
Launcher:	C:\Program Files\Java\jre1.8.0_181\bin\javaw.exe
Launcher args:	-jar "C:\Desarrollo\KenworthPronostico\src\kenworthSimulator\KWPronostico.exe"
Args length:	78/32768 chars
Exit code:	1


Version:	3.8
CmdLine:	C:\Desarrollo\KenworthPronostico\src\kenworthSimulator\KWPronostico.exe --l4j-debug
WOW64:		yes
Working dir:	C:\Desarrollo\KenworthPronostico\src\kenworthSimulator\.
64-bit search:	SOFTWARE\JavaSoft\Java Runtime Environment...
Check:		SOFTWARE\JavaSoft\Java Runtime Environment\1.8
Ignore:		1.8
Check:		SOFTWARE\JavaSoft\Java Runtime Environment\1.8.0_181
Check launcher:	C:\Program Files\Java\jre1.8.0_181\bin\javaw.exe (OK)
Match:		1.8.0_181
64-bit search:	SOFTWARE\JavaSoft\Java Development Kit...
Check:		SOFTWARE\JavaSoft\Java Development Kit\1.8
Ignore:		1.8
Check:		SOFTWARE\JavaSoft\Java Development Kit\1.8.0_141
Ignore:		1.8.0_141
Runtime used:	1.8.0_181 (64-bit)
Launcher:	C:\Program Files\Java\jre1.8.0_181\bin\javaw.exe
Launcher args:	-jar "C:\Desarrollo\KenworthPronostico\src\kenworthSimulator\KWPronostico.exe"
Args length:	78/32768 chars
Exit code:	0
